                      (         qwerty.s):00001         * 6809 assembly program generated by cmoc 0.1.67
                      (         qwerty.s):00002         
                      (         qwerty.s):00003         
                      (         qwerty.s):00004                 SECTION start
                      (         qwerty.s):00005         
                      (         qwerty.s):00006         
                      (         qwerty.s):00007         * Vectrex header, positioned at address 0.
0000 6720474345203230 (         qwerty.s):00008                 FCC     'g GCE 2023'
     3233
000A 80               (         qwerty.s):00009                 FCB     $80     
000B FD0D             (         qwerty.s):00010                 FDB     $FD0D   
000D F8               (         qwerty.s):00011                 FCB     $FFFFFFF8
000E 50               (         qwerty.s):00012                 FCB     $50     
000F 00               (         qwerty.s):00013                 FCB     $00     
0010 B0               (         qwerty.s):00014                 FCB     $FFFFFFB0
0011 6720444F4B41     (         qwerty.s):00015                 FCC     'g DOKA'
0017 80               (         qwerty.s):00016                 FCB     $80     
0018 00               (         qwerty.s):00017                 FCB     0       
                      (         qwerty.s):00018         program_start   EXPORT
                      (         qwerty.s):00019         _main   IMPORT
                      (         qwerty.s):00020         INILIB  IMPORT
                      (         qwerty.s):00021         _exit   IMPORT
     0019             (         qwerty.s):00022         program_start   EQU     *
0019 CCFF00           (         qwerty.s):00023                 LDD     #-256           stack space in bytes
001C 170000           (         qwerty.s):00024                 LBSR    INILIB          initialize standard library and global variables
001F 170000           (         qwerty.s):00025                 LBSR    _main           call main()
0022 170000           (         qwerty.s):00026                 LBSR    _exit           use LBSR to respect calling convention
                      (         qwerty.s):00027         
                      (         qwerty.s):00028         
                      (         qwerty.s):00029                 ENDSECTION
                      (         qwerty.s):00030         
                      (         qwerty.s):00031         
                      (         qwerty.s):00032         
                      (         qwerty.s):00033         
                      (         qwerty.s):00034                 SECTION code
                      (         qwerty.s):00035         
                      (         qwerty.s):00036         
                      (         qwerty.s):00037         _abs    IMPORT
                      (         qwerty.s):00038         _clear_sound    IMPORT
                      (         qwerty.s):00039         _cold_start     IMPORT
                      (         qwerty.s):00040         _controller_button_1_1_held     IMPORT
                      (         qwerty.s):00041         _controller_button_1_1_pressed  IMPORT
                      (         qwerty.s):00042         _controller_button_1_2_held     IMPORT
                      (         qwerty.s):00043         _controller_button_1_2_pressed  IMPORT
                      (         qwerty.s):00044         _controller_button_1_3_held     IMPORT
                      (         qwerty.s):00045         _controller_button_1_3_pressed  IMPORT
                      (         qwerty.s):00046         _controller_button_1_4_held     IMPORT
                      (         qwerty.s):00047         _controller_button_1_4_pressed  IMPORT
                      (         qwerty.s):00048         _controller_button_2_1_held     IMPORT
                      (         qwerty.s):00049         _controller_button_2_1_pressed  IMPORT
                      (         qwerty.s):00050         _controller_button_2_2_held     IMPORT
                      (         qwerty.s):00051         _controller_button_2_2_pressed  IMPORT
                      (         qwerty.s):00052         _controller_button_2_3_held     IMPORT
                      (         qwerty.s):00053         _controller_button_2_3_pressed  IMPORT
                      (         qwerty.s):00054         _controller_button_2_4_held     IMPORT
                      (         qwerty.s):00055         _controller_button_2_4_pressed  IMPORT
                      (         qwerty.s):00056         _controller_buttons_held        IMPORT
                      (         qwerty.s):00057         _controller_buttons_pressed     IMPORT
                      (         qwerty.s):00058         _controller_check_buttons       IMPORT
                      (         qwerty.s):00059         _controller_check_joysticks     IMPORT
                      (         qwerty.s):00060         _controller_disable_1_x IMPORT
                      (         qwerty.s):00061         _controller_disable_1_y IMPORT
                      (         qwerty.s):00062         _controller_disable_2_x IMPORT
                      (         qwerty.s):00063         _controller_disable_2_y IMPORT
                      (         qwerty.s):00064         _controller_enable_1_x  IMPORT
                      (         qwerty.s):00065         _controller_enable_1_y  IMPORT
                      (         qwerty.s):00066         _controller_enable_2_x  IMPORT
                      (         qwerty.s):00067         _controller_enable_2_y  IMPORT
                      (         qwerty.s):00068         _controller_joystick_1_down     IMPORT
                      (         qwerty.s):00069         _controller_joystick_1_downChange       IMPORT
                      (         qwerty.s):00070         _controller_joystick_1_left     IMPORT
                      (         qwerty.s):00071         _controller_joystick_1_leftChange       IMPORT
                      (         qwerty.s):00072         _controller_joystick_1_right    IMPORT
                      (         qwerty.s):00073         _controller_joystick_1_rightChange      IMPORT
                      (         qwerty.s):00074         _controller_joystick_1_up       IMPORT
                      (         qwerty.s):00075         _controller_joystick_1_upChange IMPORT
                      (         qwerty.s):00076         _controller_joystick_1_x        IMPORT
                      (         qwerty.s):00077         _controller_joystick_1_y        IMPORT
                      (         qwerty.s):00078         _controller_joystick_2_down     IMPORT
                      (         qwerty.s):00079         _controller_joystick_2_left     IMPORT
                      (         qwerty.s):00080         _controller_joystick_2_right    IMPORT
                      (         qwerty.s):00081         _controller_joystick_2_up       IMPORT
                      (         qwerty.s):00082         _controller_joystick_2_x        IMPORT
                      (         qwerty.s):00083         _controller_joystick_2_y        IMPORT
                      (         qwerty.s):00084         _do_sound       IMPORT
                      (         qwerty.s):00085         _dot_d  IMPORT
                      (         qwerty.s):00086         _dot_list       IMPORT
                      (         qwerty.s):00087         _dp_to_c8       IMPORT
                      (         qwerty.s):00088         _dp_to_d0       IMPORT
                      (         qwerty.s):00089         _draw_line_d    IMPORT
                      (         qwerty.s):00090         _draw_pat_vl_a  IMPORT
                      (         qwerty.s):00091         _draw_vl_a      IMPORT
                      (         qwerty.s):00092         _draw_vlc       IMPORT
                      (         qwerty.s):00093         _explosion_sound        IMPORT
                      (         qwerty.s):00094         _init_music_chk IMPORT
                      (         qwerty.s):00095         _init_os        IMPORT
                      (         qwerty.s):00096         _init_os_ram    IMPORT
                      (         qwerty.s):00097         _init_via       IMPORT
                      (         qwerty.s):00098         _intensity_a    IMPORT
                      (         qwerty.s):00099         _is_music_playing       IMPORT
                      (         qwerty.s):00100         _joy_analog     IMPORT
                      (         qwerty.s):00101         _joy_digital    IMPORT
                      (         qwerty.s):00102         _main   EXPORT
                      (         qwerty.s):00103         
                      (         qwerty.s):00104         
                      (         qwerty.s):00105         *******************************************************************************
                      (         qwerty.s):00106         
                      (         qwerty.s):00107         * FUNCTION main(): defined at qwerty.c:19
     0000             (         qwerty.s):00108         _main   EQU     *
                      (         qwerty.s):00109         * Line qwerty.c:21: while
0000 2033             (         qwerty.s):00110                 BRA     L00094          jump to while condition
     0002             (         qwerty.s):00111         L00093  EQU     *               while body
                      (         qwerty.s):00112         * Line qwerty.c:22: function call: wait_recal()
0002 170000           (         qwerty.s):00113                 LBSR    _wait_recal
                      (         qwerty.s):00114         * Line qwerty.c:23: function call: intensity_a()
0005 4F               (         qwerty.s):00115                 CLRA
0006 C67F             (         qwerty.s):00116                 LDB     #$7F            decimal 127 signed
0008 3406             (         qwerty.s):00117                 PSHS    B,A             argument 1 of intensity_a(): int
000A 170000           (         qwerty.s):00118                 LBSR    _intensity_a
000D 3262             (         qwerty.s):00119                 LEAS    2,S     
                      (         qwerty.s):00120         * Line qwerty.c:25: function call: print_str_c()
000F 308D0000         (         qwerty.s):00121                 LEAX    S00091,PCR      "THE QUICK BROWN FOX"
                      (         qwerty.s):00122         * optim: optimizePshsOps
0013 CCFF80           (         qwerty.s):00123                 LDD     #$FF80          constant expression: 65408 decimal, signed
0016 3416             (         qwerty.s):00124                 PSHS    X,B,A           optim: optimizePshsOps
0018 4F               (         qwerty.s):00125                 CLRA
0019 C625             (         qwerty.s):00126                 LDB     #$25            decimal 37 signed
001B 3406             (         qwerty.s):00127                 PSHS    B,A             argument 1 of print_str_c(): int
001D 170000           (         qwerty.s):00128                 LBSR    _print_str_c
0020 3266             (         qwerty.s):00129                 LEAS    6,S     
                      (         qwerty.s):00130         * Line qwerty.c:26: function call: print_str_c()
0022 308D0000         (         qwerty.s):00131                 LEAX    S00092,PCR      "JUMPS OVER THE LAZY DOG"
                      (         qwerty.s):00132         * optim: optimizePshsOps
0026 CCFF80           (         qwerty.s):00133                 LDD     #$FF80          constant expression: 65408 decimal, signed
0029 3416             (         qwerty.s):00134                 PSHS    X,B,A           optim: optimizePshsOps
002B 4F               (         qwerty.s):00135                 CLRA
002C C601             (         qwerty.s):00136                 LDB     #$01            decimal 1 signed
002E 3406             (         qwerty.s):00137                 PSHS    B,A             argument 1 of print_str_c(): int
0030 170000           (         qwerty.s):00138                 LBSR    _print_str_c
0033 3266             (         qwerty.s):00139                 LEAS    6,S     
     0035             (         qwerty.s):00140         L00094  EQU     *               while condition at qwerty.c:21
0035 20CB             (         qwerty.s):00141                 BRA     L00093          go to start of while body
                      (         qwerty.s):00142         * Useless label L00095 removed
                      (         qwerty.s):00143         * Line qwerty.c:29: return with value
                      (         qwerty.s):00144         * optim: instrFollowingUncondBranch
                      (         qwerty.s):00145         * optim: instrFollowingUncondBranch
                      (         qwerty.s):00146         * optim: branchToNextLocation
                      (         qwerty.s):00147         * Useless label L00090 removed
                      (         qwerty.s):00148         * optim: instrFollowingUncondBranch
                      (         qwerty.s):00149         * END FUNCTION main(): defined at qwerty.c:19
     0037             (         qwerty.s):00150         funcend_main    EQU *
     0037             (         qwerty.s):00151         funcsize_main   EQU     funcend_main-_main
                      (         qwerty.s):00152         _moveto_d       IMPORT
                      (         qwerty.s):00153         _music_get_flag IMPORT
                      (         qwerty.s):00154         _music_set_flag IMPORT
                      (         qwerty.s):00155         _play_music     IMPORT
                      (         qwerty.s):00156         _play_sound     IMPORT
                      (         qwerty.s):00157         _print_str_c    IMPORT
                      (         qwerty.s):00158         _print_str_d    IMPORT
                      (         qwerty.s):00159         _random IMPORT
                      (         qwerty.s):00160         _random_seed    IMPORT
                      (         qwerty.s):00161         _read_btns      IMPORT
                      (         qwerty.s):00162         _reset0ref      IMPORT
                      (         qwerty.s):00163         _rot_vl_ab      IMPORT
                      (         qwerty.s):00164         _set_refresh    IMPORT
                      (         qwerty.s):00165         _set_scale      IMPORT
                      (         qwerty.s):00166         _set_text_size  IMPORT
                      (         qwerty.s):00167         _sound_byte     IMPORT
                      (         qwerty.s):00168         _stop_music     IMPORT
                      (         qwerty.s):00169         _stop_sound     IMPORT
                      (         qwerty.s):00170         _update_audio   IMPORT
                      (         qwerty.s):00171         _wait_for_beam  IMPORT
                      (         qwerty.s):00172         _wait_recal     IMPORT
                      (         qwerty.s):00173         _warm_start     IMPORT
                      (         qwerty.s):00174         _zero_beam      IMPORT
                      (         qwerty.s):00175         
                      (         qwerty.s):00176         
                      (         qwerty.s):00177                 ENDSECTION
                      (         qwerty.s):00178         
                      (         qwerty.s):00179         
                      (         qwerty.s):00180         
                      (         qwerty.s):00181         
                      (         qwerty.s):00182                 SECTION initgl_start
                      (         qwerty.s):00183         
                      (         qwerty.s):00184         
                      (         qwerty.s):00185         INITGL  EXPORT
     0000             (         qwerty.s):00186         INITGL  EQU     *
                      (         qwerty.s):00187         
                      (         qwerty.s):00188         
                      (         qwerty.s):00189                 ENDSECTION
                      (         qwerty.s):00190         
                      (         qwerty.s):00191         
                      (         qwerty.s):00192         
                      (         qwerty.s):00193         
                      (         qwerty.s):00194                 SECTION initgl
                      (         qwerty.s):00195         
                      (         qwerty.s):00196         
                      (         qwerty.s):00197         
                      (         qwerty.s):00198         
                      (         qwerty.s):00199         *******************************************************************************
                      (         qwerty.s):00200         
                      (         qwerty.s):00201         * Initialize global variables.
                      (         qwerty.s):00202         
                      (         qwerty.s):00203         
                      (         qwerty.s):00204                 ENDSECTION
                      (         qwerty.s):00205         
                      (         qwerty.s):00206         
                      (         qwerty.s):00207         
                      (         qwerty.s):00208         
                      (         qwerty.s):00209                 SECTION rodata
                      (         qwerty.s):00210         
                      (         qwerty.s):00211         
     0000             (         qwerty.s):00212         string_literals_start   EQU     *
                      (         qwerty.s):00213         
                      (         qwerty.s):00214         
                      (         qwerty.s):00215         *******************************************************************************
                      (         qwerty.s):00216         
                      (         qwerty.s):00217         * STRING LITERALS
     0000             (         qwerty.s):00218         S00091  EQU     *
0000 5448452051554943 (         qwerty.s):00219                 FCC     "THE QUICK BROWN FOX"
     4B2042524F574E20
     464F58
0013 00               (         qwerty.s):00220                 FCB     0       
     0014             (         qwerty.s):00221         S00092  EQU     *
0014 4A554D5053204F56 (         qwerty.s):00222                 FCC     "JUMPS OVER THE LAZY DOG"
     455220544845204C
     415A5920444F47
002B 00               (         qwerty.s):00223                 FCB     0       
     002C             (         qwerty.s):00224         string_literals_end     EQU     *
                      (         qwerty.s):00225         
                      (         qwerty.s):00226         
                      (         qwerty.s):00227         *******************************************************************************
                      (         qwerty.s):00228         
                      (         qwerty.s):00229         * READ-ONLY GLOBAL VARIABLES
                      (         qwerty.s):00230         
                      (         qwerty.s):00231         
                      (         qwerty.s):00232                 ENDSECTION
                      (         qwerty.s):00233         
                      (         qwerty.s):00234         
                      (         qwerty.s):00235         
                      (         qwerty.s):00236         
                      (         qwerty.s):00237                 SECTION initgl_end
                      (         qwerty.s):00238         
                      (         qwerty.s):00239         
0000 39               (         qwerty.s):00240                 RTS                     end of global variable initialization
                      (         qwerty.s):00241         
                      (         qwerty.s):00242         
                      (         qwerty.s):00243         *******************************************************************************
                      (         qwerty.s):00244         
                      (         qwerty.s):00245         program_end     EXPORT
     0001             (         qwerty.s):00246         program_end     EQU     *
                      (         qwerty.s):00247         
                      (         qwerty.s):00248         
                      (         qwerty.s):00249                 ENDSECTION
                      (         qwerty.s):00250         
                      (         qwerty.s):00251         
                      (         qwerty.s):00252         
                      (         qwerty.s):00253         
                      (         qwerty.s):00254         *******************************************************************************
                      (         qwerty.s):00255         
                      (         qwerty.s):00256         * WRITABLE DATA SECTION
                      (         qwerty.s):00257         
                      (         qwerty.s):00258         
                      (         qwerty.s):00259                 SECTION rwdata
                      (         qwerty.s):00260         
                      (         qwerty.s):00261         
                      (         qwerty.s):00262         * Globals with static initializers
                      (         qwerty.s):00263         
                      (         qwerty.s):00264         
                      (         qwerty.s):00265                 ENDSECTION
                      (         qwerty.s):00266         
                      (         qwerty.s):00267         
                      (         qwerty.s):00268         
                      (         qwerty.s):00269         
                      (         qwerty.s):00270                 SECTION bss
                      (         qwerty.s):00271         
                      (         qwerty.s):00272         
                      (         qwerty.s):00273         * Uninitialized globals
     0000             (         qwerty.s):00274         bss_start       EQU     *
     0000             (         qwerty.s):00275         bss_end EQU     *
                      (         qwerty.s):00276         
                      (         qwerty.s):00277         
                      (         qwerty.s):00278                 ENDSECTION
                      (         qwerty.s):00279         
                      (         qwerty.s):00280         
                      (         qwerty.s):00281         
                      (         qwerty.s):00282         
                      (         qwerty.s):00283         *******************************************************************************
                      (         qwerty.s):00284         
                      (         qwerty.s):00285         * Importing 3 utility routine(s).
                      (         qwerty.s):00286         _intensity_a    IMPORT
                      (         qwerty.s):00287         _print_str_c    IMPORT
                      (         qwerty.s):00288         _wait_recal     IMPORT
                      (         qwerty.s):00289         
                      (         qwerty.s):00290         
                      (         qwerty.s):00291         *******************************************************************************
                      (         qwerty.s):00292         
                      (         qwerty.s):00293                 END
